[08:33:14.515] Global cache location '/Users/ian.liu/Library/Caches/typescript/4.6', safe file path '/users/ian.liu/.emacs.d/.cache/lsp/npm/typescript/lib/node_modules/typescript/lib/typingsafelist.json', types map path /users/ian.liu/.emacs.d/.cache/lsp/npm/typescript/lib/node_modules/typescript/lib/typesmap.json
[08:33:14.517] Processing cache location '/Users/ian.liu/Library/Caches/typescript/4.6'
[08:33:14.517] Trying to find '/Users/ian.liu/Library/Caches/typescript/4.6/package.json'...
[08:33:14.517] Finished processing cache location '/Users/ian.liu/Library/Caches/typescript/4.6'
[08:33:14.517] Process id: 47805
[08:33:14.517] NPM location: /usr/local/bin/npm (explicit '--npmLocation' not  provided)
[08:33:14.517] validateDefaultNpmLocation: false
[08:33:14.517] Npm config file: /Users/ian.liu/Library/Caches/typescript/4.6/package.json
[08:33:14.517] Npm config file: '/Users/ian.liu/Library/Caches/typescript/4.6/package.json' is missing, creating new one...
[08:33:14.518] Updating types-registry npm package...
[08:33:14.518] Exec: /usr/local/bin/npm install --ignore-scripts types-registry@latest
[08:33:15.099]     Succeeded. stdout:
    
    added 1 package, and audited 2 packages in 488ms

found 0 vulnerabilities

[08:33:15.100] Updated types-registry npm package
[08:33:15.117] Got install request {"projectName":"/dev/null/inferredProject1*","fileNames":["/Users/ian.liu/.emacs.d/.cache/lsp/npm/typescript/lib/node_modules/typescript/lib/lib.es5.d.ts","/Users/ian.liu/.emacs.d/.cache/lsp/npm/typescript/lib/node_modules/typescript/lib/lib.es2015.d.ts","/Users/ian.liu/.emacs.d/.cache/lsp/npm/typescript/lib/node_modules/typescript/lib/lib.es2016.d.ts","/Users/ian.liu/.emacs.d/.cache/lsp/npm/typescript/lib/node_modules/typescript/lib/lib.dom.d.ts","/Users/ian.liu/.emacs.d/.cache/lsp/npm/typescript/lib/node_modules/typescript/lib/lib.dom.iterable.d.ts","/Users/ian.liu/.emacs.d/.cache/lsp/npm/typescript/lib/node_modules/typescript/lib/lib.webworker.importscripts.d.ts","/Users/ian.liu/.emacs.d/.cache/lsp/npm/typescript/lib/node_modules/typescript/lib/lib.scripthost.d.ts","/Users/ian.liu/.emacs.d/.cache/lsp/npm/typescript/lib/node_modules/typescript/lib/lib.es2015.core.d.ts","/Users/ian.liu/.emacs.d/.cache/lsp/npm/typescript/lib/node_modules/typescript/lib/lib.es2015.collection.d.ts","/Users/ian.liu/.emacs.d/.cache/lsp/npm/typescript/lib/node_modules/typescript/lib/lib.es2015.generator.d.ts","/Users/ian.liu/.emacs.d/.cache/lsp/npm/typescript/lib/node_modules/typescript/lib/lib.es2015.iterable.d.ts","/Users/ian.liu/.emacs.d/.cache/lsp/npm/typescript/lib/node_modules/typescript/lib/lib.es2015.promise.d.ts","/Users/ian.liu/.emacs.d/.cache/lsp/npm/typescript/lib/node_modules/typescript/lib/lib.es2015.proxy.d.ts","/Users/ian.liu/.emacs.d/.cache/lsp/npm/typescript/lib/node_modules/typescript/lib/lib.es2015.reflect.d.ts","/Users/ian.liu/.emacs.d/.cache/lsp/npm/typescript/lib/node_modules/typescript/lib/lib.es2015.symbol.d.ts","/Users/ian.liu/.emacs.d/.cache/lsp/npm/typescript/lib/node_modules/typescript/lib/lib.es2015.symbol.wellknown.d.ts","/Users/ian.liu/.emacs.d/.cache/lsp/npm/typescript/lib/node_modules/typescript/lib/lib.es2016.array.include.d.ts","/Users/ian.liu/.emacs.d/.cache/lsp/npm/typescript/lib/node_modules/typescript/lib/lib.es2016.full.d.ts","/Users/ian.liu/learning/react/test-ide.js"],"compilerOptions":{"module":1,"target":3,"jsx":1,"allowJs":true,"allowSyntheticDefaultImports":true,"allowNonTsExtensions":true,"noEmitForJsFiles":true,"maxNodeModuleJsDepth":2},"typeAcquisition":{"enable":true,"include":[],"exclude":[]},"unresolvedImports":[],"projectRootPath":"/Users/ian.liu/learning/react","kind":"discover"}
[08:33:15.127] Loaded safelist from types map file '/users/ian.liu/.emacs.d/.cache/lsp/npm/typescript/lib/node_modules/typescript/lib/typesmap.json'
[08:33:15.127] Explicitly included types: []
[08:33:15.128] Inferred typings from unresolved imports: []
[08:33:15.128] Result: {"cachedTypingPaths":[],"newTypingNames":[],"filesToWatch":["/Users/ian.liu/learning/react/bower_components","/Users/ian.liu/learning/react/node_modules"]}
[08:33:15.128] Finished typings discovery: {"cachedTypingPaths":[],"newTypingNames":[],"filesToWatch":["/Users/ian.liu/learning/react/bower_components","/Users/ian.liu/learning/react/node_modules"]}
[08:33:15.128] DirectoryWatcher:: Added:: WatchInfo: /Users/ian.liu/learning/react/bower_components
[08:33:15.128] DirectoryWatcher:: Added:: WatchInfo: /Users/ian.liu/learning/react/bower_components 1 undefined Project: /dev/null/inferredProject1* watcher already invoked: false
[08:33:15.129] Elapsed:: 0.46924999356269836ms DirectoryWatcher:: Added:: WatchInfo: /Users/ian.liu/learning/react/bower_components 1 undefined Project: /dev/null/inferredProject1* watcher already invoked: false
[08:33:15.129] DirectoryWatcher:: Added:: WatchInfo: /Users/ian.liu/learning/react/node_modules
[08:33:15.129] DirectoryWatcher:: Added:: WatchInfo: /Users/ian.liu/learning/react/node_modules 1 undefined Project: /dev/null/inferredProject1* watcher already invoked: false
[08:33:15.129] Elapsed:: 0.039250001311302185ms DirectoryWatcher:: Added:: WatchInfo: /Users/ian.liu/learning/react/node_modules 1 undefined Project: /dev/null/inferredProject1* watcher already invoked: false
[08:33:15.129] Sending response:
    {"projectName":"/dev/null/inferredProject1*","typeAcquisition":{"enable":true,"include":[],"exclude":[]},"compilerOptions":{"module":1,"target":3,"jsx":1,"allowJs":true,"allowSyntheticDefaultImports":true,"allowNonTsExtensions":true,"noEmitForJsFiles":true,"maxNodeModuleJsDepth":2},"typings":[],"unresolvedImports":[],"kind":"action::set"}
[08:33:15.129] Response has been sent.
[08:33:15.129] No new typings were requested as a result of typings discovery
[08:33:27.281] Got install request {"projectName":"/dev/null/inferredProject1*","fileNames":["/Users/ian.liu/learning/react/test-ide.js"],"compilerOptions":{"module":1,"target":3,"jsx":1,"allowJs":true,"allowSyntheticDefaultImports":true,"allowNonTsExtensions":true,"noEmitForJsFiles":true,"maxNodeModuleJsDepth":2},"typeAcquisition":{"enable":true,"include":[],"exclude":[]},"unresolvedImports":[],"projectRootPath":"/Users/ian.liu/learning/react","kind":"discover"}
[08:33:27.281] Explicitly included types: []
[08:33:27.281] Inferred typings from unresolved imports: []
[08:33:27.281] Result: {"cachedTypingPaths":[],"newTypingNames":[],"filesToWatch":["/Users/ian.liu/learning/react/bower_components","/Users/ian.liu/learning/react/node_modules"]}
[08:33:27.281] Finished typings discovery: {"cachedTypingPaths":[],"newTypingNames":[],"filesToWatch":["/Users/ian.liu/learning/react/bower_components","/Users/ian.liu/learning/react/node_modules"]}
[08:33:27.282] Sending response:
    {"projectName":"/dev/null/inferredProject1*","typeAcquisition":{"enable":true,"include":[],"exclude":[]},"compilerOptions":{"module":1,"target":3,"jsx":1,"allowJs":true,"allowSyntheticDefaultImports":true,"allowNonTsExtensions":true,"noEmitForJsFiles":true,"maxNodeModuleJsDepth":2},"typings":[],"unresolvedImports":[],"kind":"action::set"}
[08:33:27.282] Response has been sent.
[08:33:27.282] No new typings were requested as a result of typings discovery
[08:33:28.968] Got install request {"projectName":"/dev/null/inferredProject1*","fileNames":["/Users/ian.liu/.emacs.d/.cache/lsp/npm/typescript/lib/node_modules/typescript/lib/lib.es5.d.ts","/Users/ian.liu/.emacs.d/.cache/lsp/npm/typescript/lib/node_modules/typescript/lib/lib.es2015.d.ts","/Users/ian.liu/.emacs.d/.cache/lsp/npm/typescript/lib/node_modules/typescript/lib/lib.es2016.d.ts","/Users/ian.liu/.emacs.d/.cache/lsp/npm/typescript/lib/node_modules/typescript/lib/lib.dom.d.ts","/Users/ian.liu/.emacs.d/.cache/lsp/npm/typescript/lib/node_modules/typescript/lib/lib.dom.iterable.d.ts","/Users/ian.liu/.emacs.d/.cache/lsp/npm/typescript/lib/node_modules/typescript/lib/lib.webworker.importscripts.d.ts","/Users/ian.liu/.emacs.d/.cache/lsp/npm/typescript/lib/node_modules/typescript/lib/lib.scripthost.d.ts","/Users/ian.liu/.emacs.d/.cache/lsp/npm/typescript/lib/node_modules/typescript/lib/lib.es2015.core.d.ts","/Users/ian.liu/.emacs.d/.cache/lsp/npm/typescript/lib/node_modules/typescript/lib/lib.es2015.collection.d.ts","/Users/ian.liu/.emacs.d/.cache/lsp/npm/typescript/lib/node_modules/typescript/lib/lib.es2015.generator.d.ts","/Users/ian.liu/.emacs.d/.cache/lsp/npm/typescript/lib/node_modules/typescript/lib/lib.es2015.iterable.d.ts","/Users/ian.liu/.emacs.d/.cache/lsp/npm/typescript/lib/node_modules/typescript/lib/lib.es2015.promise.d.ts","/Users/ian.liu/.emacs.d/.cache/lsp/npm/typescript/lib/node_modules/typescript/lib/lib.es2015.proxy.d.ts","/Users/ian.liu/.emacs.d/.cache/lsp/npm/typescript/lib/node_modules/typescript/lib/lib.es2015.reflect.d.ts","/Users/ian.liu/.emacs.d/.cache/lsp/npm/typescript/lib/node_modules/typescript/lib/lib.es2015.symbol.d.ts","/Users/ian.liu/.emacs.d/.cache/lsp/npm/typescript/lib/node_modules/typescript/lib/lib.es2015.symbol.wellknown.d.ts","/Users/ian.liu/.emacs.d/.cache/lsp/npm/typescript/lib/node_modules/typescript/lib/lib.es2016.array.include.d.ts","/Users/ian.liu/.emacs.d/.cache/lsp/npm/typescript/lib/node_modules/typescript/lib/lib.es2016.full.d.ts","/Users/ian.liu/learning/react/test-ide.js"],"compilerOptions":{"module":1,"target":3,"jsx":1,"allowJs":true,"allowSyntheticDefaultImports":true,"allowNonTsExtensions":true,"noEmitForJsFiles":true,"maxNodeModuleJsDepth":2},"typeAcquisition":{"enable":true,"include":[],"exclude":[]},"unresolvedImports":[],"projectRootPath":"/Users/ian.liu/learning/react","kind":"discover"}
[08:33:28.968] Explicitly included types: []
[08:33:28.968] Inferred typings from unresolved imports: []
[08:33:28.968] Result: {"cachedTypingPaths":[],"newTypingNames":[],"filesToWatch":["/Users/ian.liu/learning/react/bower_components","/Users/ian.liu/learning/react/node_modules"]}
[08:33:28.968] Finished typings discovery: {"cachedTypingPaths":[],"newTypingNames":[],"filesToWatch":["/Users/ian.liu/learning/react/bower_components","/Users/ian.liu/learning/react/node_modules"]}
[08:33:28.969] Sending response:
    {"projectName":"/dev/null/inferredProject1*","typeAcquisition":{"enable":true,"include":[],"exclude":[]},"compilerOptions":{"module":1,"target":3,"jsx":1,"allowJs":true,"allowSyntheticDefaultImports":true,"allowNonTsExtensions":true,"noEmitForJsFiles":true,"maxNodeModuleJsDepth":2},"typings":[],"unresolvedImports":[],"kind":"action::set"}
[08:33:28.969] Response has been sent.
[08:33:28.969] No new typings were requested as a result of typings discovery
